# JRE version: OpenJDK Runtime Environment (8.0_202-b03) (build 1.8.0_202-release-1483-b03)
# Java VM: OpenJDK 64-Bit Server VM (25.202-b03 mixed mode windows-amd64 compressed oops)
Heap:
 PSYoungGen      total 153600K, used 144650K [0x00000000f5580000, 0x0000000100000000, 0x0000000100000000)
  eden space 132608K, 98% used [0x00000000f5580000,0x00000000fd585c28,0x00000000fd700000)
  from space 20992K, 64% used [0x00000000fd700000,0x00000000fe43cf48,0x00000000feb80000)
  to   space 20992K, 0% used [0x00000000feb80000,0x00000000feb80000,0x0000000100000000)
 ParOldGen       total 175104K, used 27579K [0x00000000e0000000, 0x00000000eab00000, 0x00000000f5580000)
  object space 175104K, 15% used [0x00000000e0000000,0x00000000e1aeeee0,0x00000000eab00000)
 Metaspace       used 69288K, capacity 72296K, committed 72576K, reserved 1112064K
  class space    used 9356K, capacity 9988K, committed 10112K, reserved 1048576K
GC Heap History (10 events):
Event: 166.598 GC heap before
{Heap before GC invocations=8 (full 2):
 PSYoungGen      total 138752K, used 128000K [0x00000000f5580000, 0x0000000100000000, 0x0000000100000000)
  eden space 128000K, 100% used [0x00000000f5580000,0x00000000fd280000,0x00000000fd280000)
  from space 10752K, 0% used [0x00000000fd280000,0x00000000fd280000,0x00000000fdd00000)
  to   space 15872K, 0% used [0x00000000ff080000,0x00000000ff080000,0x0000000100000000)
 ParOldGen       total 175104K, used 20344K [0x00000000e0000000, 0x00000000eab00000, 0x00000000f5580000)
  object space 175104K, 11% used [0x00000000e0000000,0x00000000e13de380,0x00000000eab00000)
 Metaspace       used 46118K, capacity 47476K, committed 47744K, reserved 1091584K
  class space    used 6202K, capacity 6494K, committed 6528K, reserved 1048576K
Event: 170.098 GC heap after
Heap after GC invocations=8 (full 2):
 PSYoungGen      total 153600K, used 15859K [0x00000000f5580000, 0x0000000100000000, 0x0000000100000000)
  eden space 137728K, 0% used [0x00000000f5580000,0x00000000f5580000,0x00000000fdc00000)
  from space 15872K, 99% used [0x00000000ff080000,0x00000000ffffce48,0x0000000100000000)
  to   space 18432K, 0% used [0x00000000fdc00000,0x00000000fdc00000,0x00000000fee00000)
 ParOldGen       total 175104K, used 20532K [0x00000000e0000000, 0x00000000eab00000, 0x00000000f5580000)
  object space 175104K, 11% used [0x00000000e0000000,0x00000000e140d228,0x00000000eab00000)
 Metaspace       used 46118K, capacity 47476K, committed 47744K, reserved 1091584K
  class space    used 6202K, capacity 6494K, committed 6528K, reserved 1048576K
}
Event: 221.602 GC heap before
{Heap before GC invocations=9 (full 2):
 PSYoungGen      total 153600K, used 153587K [0x00000000f5580000, 0x0000000100000000, 0x0000000100000000)
  eden space 137728K, 100% used [0x00000000f5580000,0x00000000fdc00000,0x00000000fdc00000)
  from space 15872K, 99% used [0x00000000ff080000,0x00000000ffffce48,0x0000000100000000)
  to   space 18432K, 0% used [0x00000000fdc00000,0x00000000fdc00000,0x00000000fee00000)
 ParOldGen       total 175104K, used 20532K [0x00000000e0000000, 0x00000000eab00000, 0x00000000f5580000)
  object space 175104K, 11% used [0x00000000e0000000,0x00000000e140d228,0x00000000eab00000)
 Metaspace       used 57112K, capacity 58820K, committed 59008K, reserved 1099776K
  class space    used 7665K, capacity 8028K, committed 8064K, reserved 1048576K
Event: 224.716 GC heap after
Heap after GC invocations=9 (full 2):
 PSYoungGen      total 156160K, used 18417K [0x00000000f5580000, 0x0000000100000000, 0x0000000100000000)
  eden space 137728K, 0% used [0x00000000f5580000,0x00000000f5580000,0x00000000fdc00000)
  from space 18432K, 99% used [0x00000000fdc00000,0x00000000fedfc4f8,0x00000000fee00000)
  to   space 18432K, 0% used [0x00000000fee00000,0x00000000fee00000,0x0000000100000000)
 ParOldGen       total 175104K, used 22731K [0x00000000e0000000, 0x00000000eab00000, 0x00000000f5580000)
  object space 175104K, 12% used [0x00000000e0000000,0x00000000e1632c78,0x00000000eab00000)
 Metaspace       used 57112K, capacity 58820K, committed 59008K, reserved 1099776K
  class space    used 7665K, capacity 8028K, committed 8064K, reserved 1048576K
}
Event: 228.990 GC heap before
{Heap before GC invocations=10 (full 2):
 PSYoungGen      total 156160K, used 21318K [0x00000000f5580000, 0x0000000100000000, 0x0000000100000000)
  eden space 137728K, 2% used [0x00000000f5580000,0x00000000f5855500,0x00000000fdc00000)
  from space 18432K, 99% used [0x00000000fdc00000,0x00000000fedfc4f8,0x00000000fee00000)
  to   space 18432K, 0% used [0x00000000fee00000,0x00000000fee00000,0x0000000100000000)
 ParOldGen       total 175104K, used 22731K [0x00000000e0000000, 0x00000000eab00000, 0x00000000f5580000)
  object space 175104K, 12% used [0x00000000e0000000,0x00000000e1632c78,0x00000000eab00000)
 Metaspace       used 57277K, capacity 58988K, committed 59096K, reserved 1099776K
  class space    used 7701K, capacity 8064K, committed 8064K, reserved 1048576K
Event: 229.500 GC heap after
Heap after GC invocations=10 (full 2):
 PSYoungGen      total 151040K, used 12861K [0x00000000f5580000, 0x0000000100000000, 0x0000000100000000)
  eden space 132608K, 0% used [0x00000000f5580000,0x00000000f5580000,0x00000000fd700000)
  from space 18432K, 69% used [0x00000000fee00000,0x00000000ffa8f7b0,0x0000000100000000)
  to   space 20992K, 0% used [0x00000000fd700000,0x00000000fd700000,0x00000000feb80000)
 ParOldGen       total 175104K, used 22731K [0x00000000e0000000, 0x00000000eab00000, 0x00000000f5580000)
  object space 175104K, 12% used [0x00000000e0000000,0x00000000e1632c78,0x00000000eab00000)
 Metaspace       used 57277K, capacity 58988K, committed 59096K, reserved 1099776K
  class space    used 7701K, capacity 8064K, committed 8064K, reserved 1048576K
}
Event: 229.501 GC heap before
{Heap before GC invocations=11 (full 3):
 PSYoungGen      total 151040K, used 12861K [0x00000000f5580000, 0x0000000100000000, 0x0000000100000000)
  eden space 132608K, 0% used [0x00000000f5580000,0x00000000f5580000,0x00000000fd700000)
  from space 18432K, 69% used [0x00000000fee00000,0x00000000ffa8f7b0,0x0000000100000000)
  to   space 20992K, 0% used [0x00000000fd700000,0x00000000fd700000,0x00000000feb80000)
 ParOldGen       total 175104K, used 22731K [0x00000000e0000000, 0x00000000eab00000, 0x00000000f5580000)
  object space 175104K, 12% used [0x00000000e0000000,0x00000000e1632c78,0x00000000eab00000)
 Metaspace       used 57277K, capacity 58988K, committed 59096K, reserved 1099776K
  class space    used 7701K, capacity 8064K, committed 8064K, reserved 1048576K
Event: 235.744 GC heap after
Heap after GC invocations=11 (full 3):
 PSYoungGen      total 151040K, used 0K [0x00000000f5580000, 0x0000000100000000, 0x0000000100000000)
  eden space 132608K, 0% used [0x00000000f5580000,0x00000000f5580000,0x00000000fd700000)
  from space 18432K, 0% used [0x00000000fee00000,0x00000000fee00000,0x0000000100000000)
  to   space 20992K, 0% used [0x00000000fd700000,0x00000000fd700000,0x00000000feb80000)
 ParOldGen       total 175104K, used 27579K [0x00000000e0000000, 0x00000000eab00000, 0x00000000f5580000)
  object space 175104K, 15% used [0x00000000e0000000,0x00000000e1aeeee0,0x00000000eab00000)
 Metaspace       used 57275K, capacity 58982K, committed 59096K, reserved 1099776K
  class space    used 7701K, capacity 8063K, committed 8064K, reserved 1048576K
}
Event: 336.605 GC heap before
{Heap before GC invocations=12 (full 3):
 PSYoungGen      total 151040K, used 132608K [0x00000000f5580000, 0x0000000100000000, 0x0000000100000000)
  eden space 132608K, 100% used [0x00000000f5580000,0x00000000fd700000,0x00000000fd700000)
  from space 18432K, 0% used [0x00000000fee00000,0x00000000fee00000,0x0000000100000000)
  to   space 20992K, 0% used [0x00000000fd700000,0x00000000fd700000,0x00000000feb80000)
 ParOldGen       total 175104K, used 27579K [0x00000000e0000000, 0x00000000eab00000, 0x00000000f5580000)
  object space 175104K, 15% used [0x00000000e0000000,0x00000000e1aeeee0,0x00000000eab00000)
 Metaspace       used 63948K, capacity 66410K, committed 66688K, reserved 1105920K
  class space    used 8724K, capacity 9301K, committed 9344K, reserved 1048576K
Event: 340.521 GC heap after
Heap after GC invocations=12 (full 3):
 PSYoungGen      total 153600K, used 13555K [0x00000000f5580000, 0x0000000100000000, 0x0000000100000000)
  eden space 132608K, 0% used [0x00000000f5580000,0x00000000f5580000,0x00000000fd700000)
  from space 20992K, 64% used [0x00000000fd700000,0x00000000fe43cf48,0x00000000feb80000)
  to   space 20992K, 0% used [0x00000000feb80000,0x00000000feb80000,0x0000000100000000)
 ParOldGen       total 175104K, used 27579K [0x00000000e0000000, 0x00000000eab00000, 0x00000000f5580000)
  object space 175104K, 15% used [0x00000000e0000000,0x00000000e1aeeee0,0x00000000eab00000)
 Metaspace       used 63948K, capacity 66410K, committed 66688K, reserved 1105920K
  class space    used 8724K, capacity 9301K, committed 9344K, reserved 1048576K
}

