# JRE version: OpenJDK Runtime Environment (8.0_202-b03) (build 1.8.0_202-release-1483-b03)
# Java VM: OpenJDK 64-Bit Server VM (25.202-b03 mixed mode windows-amd64 compressed oops)
Heap:
 PSYoungGen      total 149504K, used 121749K [0x00000000f5580000, 0x0000000100000000, 0x0000000100000000)
  eden space 133632K, 79% used [0x00000000f5580000,0x00000000fbd522b8,0x00000000fd800000)
  from space 15872K, 97% used [0x00000000fd800000,0x00000000fe713158,0x00000000fe780000)
  to   space 20992K, 0% used [0x00000000feb80000,0x00000000feb80000,0x0000000100000000)
 ParOldGen       total 205312K, used 33164K [0x00000000e0000000, 0x00000000ec880000, 0x00000000f5580000)
  object space 205312K, 16% used [0x00000000e0000000,0x00000000e2063138,0x00000000ec880000)
 Metaspace       used 69529K, capacity 71782K, committed 72024K, reserved 1112064K
  class space    used 9220K, capacity 9775K, committed 9856K, reserved 1048576K
GC Heap History (10 events):
Event: 71.261 GC heap before
{Heap before GC invocations=8 (full 2):
 PSYoungGen      total 160256K, used 8354K [0x00000000f5580000, 0x0000000100000000, 0x0000000100000000)
  eden space 145408K, 0% used [0x00000000f5580000,0x00000000f5580000,0x00000000fe380000)
  from space 14848K, 56% used [0x00000000ff180000,0x00000000ff9a8aa0,0x0000000100000000)
  to   space 14336K, 0% used [0x00000000fe380000,0x00000000fe380000,0x00000000ff180000)
 ParOldGen       total 175104K, used 13276K [0x00000000e0000000, 0x00000000eab00000, 0x00000000f5580000)
  object space 175104K, 7% used [0x00000000e0000000,0x00000000e0cf7358,0x00000000eab00000)
 Metaspace       used 34754K, capacity 35400K, committed 35456K, reserved 1079296K
  class space    used 4753K, capacity 4964K, committed 4992K, reserved 1048576K
Event: 71.934 GC heap after
Heap after GC invocations=8 (full 2):
 PSYoungGen      total 160256K, used 0K [0x00000000f5580000, 0x0000000100000000, 0x0000000100000000)
  eden space 145408K, 0% used [0x00000000f5580000,0x00000000f5580000,0x00000000fe380000)
  from space 14848K, 0% used [0x00000000ff180000,0x00000000ff180000,0x0000000100000000)
  to   space 14336K, 0% used [0x00000000fe380000,0x00000000fe380000,0x00000000ff180000)
 ParOldGen       total 175104K, used 15257K [0x00000000e0000000, 0x00000000eab00000, 0x00000000f5580000)
  object space 175104K, 8% used [0x00000000e0000000,0x00000000e0ee6438,0x00000000eab00000)
 Metaspace       used 34752K, capacity 35394K, committed 35456K, reserved 1079296K
  class space    used 4752K, capacity 4963K, committed 4992K, reserved 1048576K
}
Event: 96.809 GC heap before
{Heap before GC invocations=9 (full 2):
 PSYoungGen      total 160256K, used 145408K [0x00000000f5580000, 0x0000000100000000, 0x0000000100000000)
  eden space 145408K, 100% used [0x00000000f5580000,0x00000000fe380000,0x00000000fe380000)
  from space 14848K, 0% used [0x00000000ff180000,0x00000000ff180000,0x0000000100000000)
  to   space 14336K, 0% used [0x00000000fe380000,0x00000000fe380000,0x00000000ff180000)
 ParOldGen       total 175104K, used 15257K [0x00000000e0000000, 0x00000000eab00000, 0x00000000f5580000)
  object space 175104K, 8% used [0x00000000e0000000,0x00000000e0ee6438,0x00000000eab00000)
 Metaspace       used 47551K, capacity 48642K, committed 48768K, reserved 1091584K
  class space    used 6438K, capacity 6724K, committed 6784K, reserved 1048576K
Event: 97.569 GC heap after
Heap after GC invocations=9 (full 2):
 PSYoungGen      total 159744K, used 14316K [0x00000000f5580000, 0x0000000100000000, 0x0000000100000000)
  eden space 145408K, 0% used [0x00000000f5580000,0x00000000f5580000,0x00000000fe380000)
  from space 14336K, 99% used [0x00000000fe380000,0x00000000ff17b100,0x00000000ff180000)
  to   space 14848K, 0% used [0x00000000ff180000,0x00000000ff180000,0x0000000100000000)
 ParOldGen       total 175104K, used 18214K [0x00000000e0000000, 0x00000000eab00000, 0x00000000f5580000)
  object space 175104K, 10% used [0x00000000e0000000,0x00000000e11c9a78,0x00000000eab00000)
 Metaspace       used 47551K, capacity 48642K, committed 48768K, reserved 1091584K
  class space    used 6438K, capacity 6724K, committed 6784K, reserved 1048576K
}
Event: 113.017 GC heap before
{Heap before GC invocations=10 (full 2):
 PSYoungGen      total 159744K, used 116906K [0x00000000f5580000, 0x0000000100000000, 0x0000000100000000)
  eden space 145408K, 70% used [0x00000000f5580000,0x00000000fb9af798,0x00000000fe380000)
  from space 14336K, 99% used [0x00000000fe380000,0x00000000ff17b100,0x00000000ff180000)
  to   space 14848K, 0% used [0x00000000ff180000,0x00000000ff180000,0x0000000100000000)
 ParOldGen       total 175104K, used 18214K [0x00000000e0000000, 0x00000000eab00000, 0x00000000f5580000)
  object space 175104K, 10% used [0x00000000e0000000,0x00000000e11c9a78,0x00000000eab00000)
 Metaspace       used 57572K, capacity 58962K, committed 59096K, reserved 1099776K
  class space    used 7748K, capacity 8118K, committed 8192K, reserved 1048576K
Event: 113.863 GC heap after
Heap after GC invocations=10 (full 2):
 PSYoungGen      total 148480K, used 14818K [0x00000000f5580000, 0x0000000100000000, 0x0000000100000000)
  eden space 133632K, 0% used [0x00000000f5580000,0x00000000f5580000,0x00000000fd800000)
  from space 14848K, 99% used [0x00000000ff180000,0x00000000ffff88f0,0x0000000100000000)
  to   space 20480K, 0% used [0x00000000fd800000,0x00000000fd800000,0x00000000fec00000)
 ParOldGen       total 175104K, used 22384K [0x00000000e0000000, 0x00000000eab00000, 0x00000000f5580000)
  object space 175104K, 12% used [0x00000000e0000000,0x00000000e15dc290,0x00000000eab00000)
 Metaspace       used 57572K, capacity 58962K, committed 59096K, reserved 1099776K
  class space    used 7748K, capacity 8118K, committed 8192K, reserved 1048576K
}
Event: 113.863 GC heap before
{Heap before GC invocations=11 (full 3):
 PSYoungGen      total 148480K, used 14818K [0x00000000f5580000, 0x0000000100000000, 0x0000000100000000)
  eden space 133632K, 0% used [0x00000000f5580000,0x00000000f5580000,0x00000000fd800000)
  from space 14848K, 99% used [0x00000000ff180000,0x00000000ffff88f0,0x0000000100000000)
  to   space 20480K, 0% used [0x00000000fd800000,0x00000000fd800000,0x00000000fec00000)
 ParOldGen       total 175104K, used 22384K [0x00000000e0000000, 0x00000000eab00000, 0x00000000f5580000)
  object space 175104K, 12% used [0x00000000e0000000,0x00000000e15dc290,0x00000000eab00000)
 Metaspace       used 57572K, capacity 58962K, committed 59096K, reserved 1099776K
  class space    used 7748K, capacity 8118K, committed 8192K, reserved 1048576K
Event: 116.580 GC heap after
Heap after GC invocations=11 (full 3):
 PSYoungGen      total 148480K, used 0K [0x00000000f5580000, 0x0000000100000000, 0x0000000100000000)
  eden space 133632K, 0% used [0x00000000f5580000,0x00000000f5580000,0x00000000fd800000)
  from space 14848K, 0% used [0x00000000ff180000,0x00000000ff180000,0x0000000100000000)
  to   space 20480K, 0% used [0x00000000fd800000,0x00000000fd800000,0x00000000fec00000)
 ParOldGen       total 205312K, used 33156K [0x00000000e0000000, 0x00000000ec880000, 0x00000000f5580000)
  object space 205312K, 16% used [0x00000000e0000000,0x00000000e2061138,0x00000000ec880000)
 Metaspace       used 57572K, capacity 58962K, committed 59096K, reserved 1099776K
  class space    used 7748K, capacity 8118K, committed 8192K, reserved 1048576K
}
Event: 174.971 GC heap before
{Heap before GC invocations=12 (full 3):
 PSYoungGen      total 148480K, used 133632K [0x00000000f5580000, 0x0000000100000000, 0x0000000100000000)
  eden space 133632K, 100% used [0x00000000f5580000,0x00000000fd800000,0x00000000fd800000)
  from space 14848K, 0% used [0x00000000ff180000,0x00000000ff180000,0x0000000100000000)
  to   space 20480K, 0% used [0x00000000fd800000,0x00000000fd800000,0x00000000fec00000)
 ParOldGen       total 205312K, used 33156K [0x00000000e0000000, 0x00000000ec880000, 0x00000000f5580000)
  object space 205312K, 16% used [0x00000000e0000000,0x00000000e2061138,0x00000000ec880000)
 Metaspace       used 63415K, capacity 65524K, committed 65624K, reserved 1105920K
  class space    used 8551K, capacity 9072K, committed 9088K, reserved 1048576K
Event: 178.684 GC heap after
Heap after GC invocations=12 (full 3):
 PSYoungGen      total 149504K, used 15436K [0x00000000f5580000, 0x0000000100000000, 0x0000000100000000)
  eden space 133632K, 0% used [0x00000000f5580000,0x00000000f5580000,0x00000000fd800000)
  from space 15872K, 97% used [0x00000000fd800000,0x00000000fe713158,0x00000000fe780000)
  to   space 20992K, 0% used [0x00000000feb80000,0x00000000feb80000,0x0000000100000000)
 ParOldGen       total 205312K, used 33164K [0x00000000e0000000, 0x00000000ec880000, 0x00000000f5580000)
  object space 205312K, 16% used [0x00000000e0000000,0x00000000e2063138,0x00000000ec880000)
 Metaspace       used 63415K, capacity 65524K, committed 65624K, reserved 1105920K
  class space    used 8551K, capacity 9072K, committed 9088K, reserved 1048576K
}

